  [4;36;1mSQL (0.8ms)[0m   [0;1m SELECT name
 FROM sqlite_master
 WHERE type = 'table' AND NOT name = 'sqlite_sequence'
[0m
  [4;35;1mSQL (10.2ms)[0m   [0mselect sqlite_version(*)[0m
  [4;36;1mSQL (8.0ms)[0m   [0;1mCREATE TABLE "schema_migrations" ("version" varchar(255) NOT NULL) [0m
  [4;35;1mSQL (2.9ms)[0m   [0mCREATE UNIQUE INDEX "unique_schema_migrations" ON "schema_migrations" ("version")[0m
  [4;36;1mSQL (0.3ms)[0m   [0;1m SELECT name
 FROM sqlite_master
 WHERE type = 'table' AND NOT name = 'sqlite_sequence'
[0m
  [4;35;1mSQL (0.1ms)[0m   [0mSELECT version FROM schema_migrations[0m
Migrating to CreateEvents (20090506181547)
  [4;36;1mSQL (0.9ms)[0m   [0;1mCREATE TABLE "events" ("id" INTEGER PRIMARY KEY AUTOINCREMENT NOT NULL, "name" varchar(255), "description" text, "date" datetime, "deadline" datetime, "max_guests" integer DEFAULT 0 NOT NULL, "ref_prefix" varchar(255) DEFAULT '' NOT NULL, "created_at" datetime, "updated_at" datetime) [0m
  [4;35;1mSQL (0.2ms)[0m   [0mINSERT INTO schema_migrations (version) VALUES ('20090506181547')[0m
Migrating to CreateEventReplies (20090506181854)
  [4;36;1mSQL (0.8ms)[0m   [0;1mCREATE TABLE "event_replies" ("id" INTEGER PRIMARY KEY AUTOINCREMENT NOT NULL, "event_id" integer, "name" varchar(255), "email" varchar(255), "created_at" datetime, "updated_at" datetime) [0m
  [4;35;1mSQL (0.3ms)[0m   [0mINSERT INTO schema_migrations (version) VALUES ('20090506181854')[0m
  [4;36;1mSQL (0.4ms)[0m   [0;1m SELECT name
 FROM sqlite_master
 WHERE type = 'table' AND NOT name = 'sqlite_sequence'
[0m
  [4;35;1mSQL (0.2ms)[0m   [0mSELECT version FROM schema_migrations[0m
  [4;36;1mSQL (0.2ms)[0m   [0;1m SELECT name
 FROM sqlite_master
 WHERE type = 'table' AND NOT name = 'sqlite_sequence'
[0m
  [4;35;1mSQL (0.5ms)[0m   [0mPRAGMA index_list("event_replies")[0m
  [4;36;1mSQL (0.1ms)[0m   [0;1mPRAGMA index_list("events")[0m


Processing EventsController#index (for ::1 at 2009-05-06 20:54:05) [GET]
Rendering events/index
Completed in 10ms (View: 8, DB: 0) | 200 OK [http://localhost/events]


Processing EventsController#new (for ::1 at 2009-05-06 20:54:06) [GET]
Rendering events/new
Completed in 108ms (View: 93, DB: 0) | 200 OK [http://localhost/events/new]


Processing EventsController#new (for ::1 at 2009-05-06 20:54:42) [GET]
Rendering events/new

ActionView::TemplateError (uninitialized constant ActionView::Base::CompiledTemplates::FORM_BUILDER) on line #3 of app/views/events/new.html.erb:
1: <h1>New event</h1>
2: 
3: <% form_for(@event, :builder => FORM_BUILDER) do |f| %>
4:   <%= f.text_field :name %>
5:   <%= f.datetime_select :date %>
6:   <%= f.datetime_select :deadline %>

    app/views/events/new.html.erb:3
    /System/Library/Frameworks/Ruby.framework/Versions/1.8/usr/lib/ruby/1.8/webrick/httpserver.rb:104:in `service'
    /System/Library/Frameworks/Ruby.framework/Versions/1.8/usr/lib/ruby/1.8/webrick/httpserver.rb:65:in `run'
    /System/Library/Frameworks/Ruby.framework/Versions/1.8/usr/lib/ruby/1.8/webrick/server.rb:173:in `start_thread'
    /System/Library/Frameworks/Ruby.framework/Versions/1.8/usr/lib/ruby/1.8/webrick/server.rb:162:in `start'
    /System/Library/Frameworks/Ruby.framework/Versions/1.8/usr/lib/ruby/1.8/webrick/server.rb:162:in `start_thread'
    /System/Library/Frameworks/Ruby.framework/Versions/1.8/usr/lib/ruby/1.8/webrick/server.rb:95:in `start'
    /System/Library/Frameworks/Ruby.framework/Versions/1.8/usr/lib/ruby/1.8/webrick/server.rb:92:in `each'
    /System/Library/Frameworks/Ruby.framework/Versions/1.8/usr/lib/ruby/1.8/webrick/server.rb:92:in `start'
    /System/Library/Frameworks/Ruby.framework/Versions/1.8/usr/lib/ruby/1.8/webrick/server.rb:23:in `start'
    /System/Library/Frameworks/Ruby.framework/Versions/1.8/usr/lib/ruby/1.8/webrick/server.rb:82:in `start'

Rendered rescues/_trace (52.1ms)
Rendered rescues/_request_and_response (18.4ms)
Rendering rescues/layout (internal_server_error)


Processing EventsController#new (for ::1 at 2009-05-06 20:55:31) [GET]
Rendering events/new

ActionView::TemplateError (undefined local variable or method `signup_fu_form_builder' for #<ActionView::Base:0x24568c8>) on line #3 of app/views/events/new.html.erb:
1: <h1>New event</h1>
2: 
3: <% form_for(@event, :builder => signup_fu_form_builder) do |f| %>
4:   <%= f.text_field :name %>
5:   <%= f.datetime_select :date %>
6:   <%= f.datetime_select :deadline %>

    app/views/events/new.html.erb:3
    /System/Library/Frameworks/Ruby.framework/Versions/1.8/usr/lib/ruby/1.8/webrick/httpserver.rb:104:in `service'
    /System/Library/Frameworks/Ruby.framework/Versions/1.8/usr/lib/ruby/1.8/webrick/httpserver.rb:65:in `run'
    /System/Library/Frameworks/Ruby.framework/Versions/1.8/usr/lib/ruby/1.8/webrick/server.rb:173:in `start_thread'
    /System/Library/Frameworks/Ruby.framework/Versions/1.8/usr/lib/ruby/1.8/webrick/server.rb:162:in `start'
    /System/Library/Frameworks/Ruby.framework/Versions/1.8/usr/lib/ruby/1.8/webrick/server.rb:162:in `start_thread'
    /System/Library/Frameworks/Ruby.framework/Versions/1.8/usr/lib/ruby/1.8/webrick/server.rb:95:in `start'
    /System/Library/Frameworks/Ruby.framework/Versions/1.8/usr/lib/ruby/1.8/webrick/server.rb:92:in `each'
    /System/Library/Frameworks/Ruby.framework/Versions/1.8/usr/lib/ruby/1.8/webrick/server.rb:92:in `start'
    /System/Library/Frameworks/Ruby.framework/Versions/1.8/usr/lib/ruby/1.8/webrick/server.rb:23:in `start'
    /System/Library/Frameworks/Ruby.framework/Versions/1.8/usr/lib/ruby/1.8/webrick/server.rb:82:in `start'

Rendered rescues/_trace (187.2ms)
Rendered rescues/_request_and_response (0.3ms)
Rendering rescues/layout (internal_server_error)


Processing EventsController#new (for ::1 at 2009-05-06 20:55:42) [GET]
Rendering events/new

ActionView::TemplateError (undefined method `calendar_date_select' for #<SignupFuFormBuilder:0x24b4acc>) on line #5 of app/views/events/new.html.erb:
2: 
3: <% form_for(@event, :builder => signup_fu_form_builder) do |f| %>
4:   <%= f.text_field :name %>
5:   <%= f.datetime_select :date %>
6:   <%= f.datetime_select :deadline %>
7: <% end -%>

    lib/signup_fu_form_builder.rb:56:in `datetime_select'
    lib/signup_fu_form_builder.rb:80:in `row'
    lib/signup_fu_form_builder.rb:55:in `datetime_select'
    app/views/events/new.html.erb:5
    app/views/events/new.html.erb:3
    /System/Library/Frameworks/Ruby.framework/Versions/1.8/usr/lib/ruby/1.8/webrick/httpserver.rb:104:in `service'
    /System/Library/Frameworks/Ruby.framework/Versions/1.8/usr/lib/ruby/1.8/webrick/httpserver.rb:65:in `run'
    /System/Library/Frameworks/Ruby.framework/Versions/1.8/usr/lib/ruby/1.8/webrick/server.rb:173:in `start_thread'
    /System/Library/Frameworks/Ruby.framework/Versions/1.8/usr/lib/ruby/1.8/webrick/server.rb:162:in `start'
    /System/Library/Frameworks/Ruby.framework/Versions/1.8/usr/lib/ruby/1.8/webrick/server.rb:162:in `start_thread'
    /System/Library/Frameworks/Ruby.framework/Versions/1.8/usr/lib/ruby/1.8/webrick/server.rb:95:in `start'
    /System/Library/Frameworks/Ruby.framework/Versions/1.8/usr/lib/ruby/1.8/webrick/server.rb:92:in `each'
    /System/Library/Frameworks/Ruby.framework/Versions/1.8/usr/lib/ruby/1.8/webrick/server.rb:92:in `start'
    /System/Library/Frameworks/Ruby.framework/Versions/1.8/usr/lib/ruby/1.8/webrick/server.rb:23:in `start'
    /System/Library/Frameworks/Ruby.framework/Versions/1.8/usr/lib/ruby/1.8/webrick/server.rb:82:in `start'

Rendered rescues/_trace (52.0ms)
Rendered rescues/_request_and_response (81.1ms)
Rendering rescues/layout (internal_server_error)


Processing EventsController#new (for ::1 at 2009-05-06 20:56:16) [GET]
Rendering events/new
Completed in 26ms (View: 17, DB: 0) | 200 OK [http://localhost/events/new]


Processing EventsController#new (for ::1 at 2009-05-06 20:58:08) [GET]
Rendering events/new

ActionView::TemplateError (undefined local variable or method `method_name' for #<SignupFuFormBuilder:0x24ba120>) on line #4 of app/views/events/new.html.erb:
1: <h1>New event</h1>
2: 
3: <% form_for(@event, :builder => signup_fu_form_builder) do |f| %>
4:   <%= f.text_field :name %>
5:   <%= f.datetime_select :date %>
6:   <%= f.datetime_select :deadline %>
7: <% end -%>

    lib/signup_fu_form_builder.rb:81:in `row'
    lib/signup_fu_form_builder.rb:19:in `text_field'
    app/views/events/new.html.erb:4
    app/views/events/new.html.erb:3
    /System/Library/Frameworks/Ruby.framework/Versions/1.8/usr/lib/ruby/1.8/webrick/httpserver.rb:104:in `service'
    /System/Library/Frameworks/Ruby.framework/Versions/1.8/usr/lib/ruby/1.8/webrick/httpserver.rb:65:in `run'
    /System/Library/Frameworks/Ruby.framework/Versions/1.8/usr/lib/ruby/1.8/webrick/server.rb:173:in `start_thread'
    /System/Library/Frameworks/Ruby.framework/Versions/1.8/usr/lib/ruby/1.8/webrick/server.rb:162:in `start'
    /System/Library/Frameworks/Ruby.framework/Versions/1.8/usr/lib/ruby/1.8/webrick/server.rb:162:in `start_thread'
    /System/Library/Frameworks/Ruby.framework/Versions/1.8/usr/lib/ruby/1.8/webrick/server.rb:95:in `start'
    /System/Library/Frameworks/Ruby.framework/Versions/1.8/usr/lib/ruby/1.8/webrick/server.rb:92:in `each'
    /System/Library/Frameworks/Ruby.framework/Versions/1.8/usr/lib/ruby/1.8/webrick/server.rb:92:in `start'
    /System/Library/Frameworks/Ruby.framework/Versions/1.8/usr/lib/ruby/1.8/webrick/server.rb:23:in `start'
    /System/Library/Frameworks/Ruby.framework/Versions/1.8/usr/lib/ruby/1.8/webrick/server.rb:82:in `start'

Rendered rescues/_trace (42.9ms)
Rendered rescues/_request_and_response (0.4ms)
Rendering rescues/layout (internal_server_error)


Processing EventsController#new (for ::1 at 2009-05-06 20:58:12) [GET]
Rendering events/new
Completed in 21ms (View: 15, DB: 0) | 200 OK [http://localhost/events/new]


Processing EventsController#new (for ::1 at 2009-05-06 21:09:47) [GET]
Rendering events/new
Completed in 27ms (View: 20, DB: 0) | 200 OK [http://localhost/events/new]


Processing EventsController#create (for ::1 at 2009-05-06 21:09:51) [POST]
  Parameters: {"commit"=>"Create event", "authenticity_token"=>"tGNA6L8OAi2KkMZLxMsjA2AbZOsNZAFI+7luiPMsgAA=", "event"=>{"name"=>"Foobarbar", "date(1i)"=>"2009", "date(2i)"=>"5", "date(3i)"=>"6", "date(4i)"=>"18", "deadline(1i)"=>"2009", "date(5i)"=>"54", "deadline(2i)"=>"5", "deadline(3i)"=>"6", "deadline(4i)"=>"18", "deadline(5i)"=>"54"}}
  [4;36;1mEvent Create (0.6ms)[0m   [0;1mINSERT INTO "events" ("name", "updated_at", "date", "max_guests", "description", "deadline", "ref_prefix", "created_at") VALUES('Foobarbar', '2009-05-06 19:09:51', '2009-05-06 18:54:00', 0, NULL, '2009-05-06 18:54:00', '', '2009-05-06 19:09:51')[0m
Redirected to http://localhost:6500/events/1
Completed in 115ms (DB: 1) | 302 Found [http://localhost/events]


Processing EventsController#show (for ::1 at 2009-05-06 21:09:52) [GET]
  Parameters: {"id"=>"1"}
Rendering events/show
Completed in 5ms (View: 3, DB: 0) | 200 OK [http://localhost/events/1]


Processing EventsController#index (for ::1 at 2009-05-06 21:09:56) [GET]
  [4;35;1mEvent Load (0.7ms)[0m   [0mSELECT * FROM "events" [0m
Rendering events/index
Completed in 42ms (View: 11, DB: 1) | 200 OK [http://localhost/events/]


Processing EventsController#index (for ::1 at 2009-05-06 21:34:38) [GET]
  [4;36;1mEvent Load (0.6ms)[0m   [0;1mSELECT * FROM "events" [0m
Rendering template within layouts/application
Rendering events/index
Completed in 39ms (View: 33, DB: 1) | 200 OK [http://localhost/events/]


Processing EventsController#destroy (for ::1 at 2009-05-06 21:34:40) [DELETE]
  Parameters: {"authenticity_token"=>"tGNA6L8OAi2KkMZLxMsjA2AbZOsNZAFI+7luiPMsgAA=", "id"=>"1"}
  [4;35;1mEvent Load (0.7ms)[0m   [0mSELECT * FROM "events" WHERE ("events"."id" = 1) [0m
  [4;36;1mEvent Destroy (0.4ms)[0m   [0;1mDELETE FROM "events" WHERE "id" = 1[0m
Redirected to http://localhost:6500/events
Completed in 12ms (DB: 1) | 302 Found [http://localhost/events/1]


Processing EventsController#index (for ::1 at 2009-05-06 21:34:41) [GET]
  [4;35;1mEvent Load (0.6ms)[0m   [0mSELECT * FROM "events" [0m
Rendering template within layouts/application
Rendering events/index
Completed in 7ms (View: 1, DB: 1) | 200 OK [http://localhost/events]
  [4;36;1mSQL (93.8ms)[0m   [0;1mSET SQL_AUTO_IS_NULL=0[0m
  [4;35;1mSQL (0.5ms)[0m   [0mSHOW TABLES[0m
  [4;36;1mSQL (818.2ms)[0m   [0;1mCREATE TABLE `schema_migrations` (`version` varchar(255) NOT NULL) ENGINE=InnoDB[0m
  [4;35;1mSQL (322.3ms)[0m   [0mCREATE UNIQUE INDEX `unique_schema_migrations` ON `schema_migrations` (`version`)[0m
  [4;36;1mSQL (0.6ms)[0m   [0;1mSHOW TABLES[0m
  [4;35;1mSQL (24.8ms)[0m   [0mSELECT version FROM schema_migrations[0m
Migrating to CreateEvents (20090506181547)
  [4;36;1mSQL (114.1ms)[0m   [0;1mCREATE TABLE `events` (`id` int(11) DEFAULT NULL auto_increment PRIMARY KEY, `name` varchar(255), `description` text, `date` datetime, `deadline` datetime, `max_guests` int(11) DEFAULT 0 NOT NULL, `ref_prefix` varchar(255) DEFAULT '' NOT NULL, `created_at` datetime, `updated_at` datetime) ENGINE=InnoDB[0m
  [4;35;1mSQL (27.9ms)[0m   [0mINSERT INTO schema_migrations (version) VALUES ('20090506181547')[0m
Migrating to CreateEventReplies (20090506181854)
  [4;36;1mSQL (73.4ms)[0m   [0;1mCREATE TABLE `event_replies` (`id` int(11) DEFAULT NULL auto_increment PRIMARY KEY, `event_id` int(11), `name` varchar(255), `email` varchar(255), `created_at` datetime, `updated_at` datetime) ENGINE=InnoDB[0m
  [4;35;1mSQL (1.0ms)[0m   [0mINSERT INTO schema_migrations (version) VALUES ('20090506181854')[0m
  [4;36;1mSQL (0.9ms)[0m   [0;1mSHOW TABLES[0m
  [4;35;1mSQL (0.3ms)[0m   [0mSELECT version FROM schema_migrations[0m
  [4;36;1mSQL (0.7ms)[0m   [0;1mSHOW TABLES[0m
  [4;35;1mSQL (135.7ms)[0m   [0mSHOW FIELDS FROM `event_replies`[0m
  [4;36;1mSQL (4.4ms)[0m   [0;1mdescribe `event_replies`[0m
  [4;35;1mSQL (2.3ms)[0m   [0mSHOW KEYS FROM `event_replies`[0m
  [4;36;1mSQL (2.8ms)[0m   [0;1mSHOW FIELDS FROM `events`[0m
  [4;35;1mSQL (3.8ms)[0m   [0mdescribe `events`[0m
  [4;36;1mSQL (1.0ms)[0m   [0;1mSHOW KEYS FROM `events`[0m
  [4;36;1mSQL (0.3ms)[0m   [0;1mSET SQL_AUTO_IS_NULL=0[0m


Processing EventsController#index (for ::1 at 2009-05-10 16:00:55) [GET]
  [4;35;1mEvent Load (27.3ms)[0m   [0mSELECT * FROM `events` [0m
Rendering template within layouts/application
Rendering events/index
Completed in 132ms (View: 59, DB: 28) | 200 OK [http://localhost/events]
  [4;36;1mSQL (0.2ms)[0m   [0;1mSET SQL_AUTO_IS_NULL=0[0m


Processing EventsController#new (for ::1 at 2009-05-10 16:01:44) [GET]
  [4;35;1mEvent Columns (15.4ms)[0m   [0mSHOW FIELDS FROM `events`[0m
Rendering template within layouts/application
Rendering events/new
Completed in 694ms (View: 651, DB: 16) | 200 OK [http://localhost/events/new]
  [4;36;1mSQL (0.2ms)[0m   [0;1mSET SQL_AUTO_IS_NULL=0[0m


Processing EventsController#new (for ::1 at 2009-05-10 16:02:06) [GET]
  [4;35;1mEvent Columns (2.6ms)[0m   [0mSHOW FIELDS FROM `events`[0m
Rendering template within layouts/application
Rendering events/new
Completed in 97ms (View: 89, DB: 3) | 200 OK [http://localhost/events/new]
  [4;36;1mSQL (0.1ms)[0m   [0;1mSET SQL_AUTO_IS_NULL=0[0m
  [4;35;1mSQL (0.4ms)[0m   [0mSHOW TABLES[0m
  [4;36;1mSQL (44.6ms)[0m   [0;1mCREATE TABLE `schema_migrations` (`version` varchar(255) NOT NULL) ENGINE=InnoDB[0m
  [4;35;1mSQL (45.1ms)[0m   [0mCREATE UNIQUE INDEX `unique_schema_migrations` ON `schema_migrations` (`version`)[0m
  [4;36;1mSQL (0.4ms)[0m   [0;1mSHOW TABLES[0m
  [4;35;1mSQL (0.3ms)[0m   [0mSELECT version FROM schema_migrations[0m
Migrating to CreateEvents (20090506181547)
  [4;36;1mSQL (4.7ms)[0m   [0;1mCREATE TABLE `events` (`id` int(11) DEFAULT NULL auto_increment PRIMARY KEY, `name` varchar(255), `description` text, `date` datetime, `deadline` datetime, `max_guests` int(11) DEFAULT 0 NOT NULL, `ref_prefix` varchar(255) DEFAULT '' NOT NULL, `food` text, `comment` text, `created_at` datetime, `updated_at` datetime) ENGINE=InnoDB[0m
  [4;35;1mSQL (1.2ms)[0m   [0mINSERT INTO schema_migrations (version) VALUES ('20090506181547')[0m
Migrating to CreateEventReplies (20090506181854)
  [4;36;1mSQL (43.3ms)[0m   [0;1mCREATE TABLE `event_replies` (`id` int(11) DEFAULT NULL auto_increment PRIMARY KEY, `event_id` int(11), `name` varchar(255), `email` varchar(255), `created_at` datetime, `updated_at` datetime) ENGINE=InnoDB[0m
  [4;35;1mSQL (1.1ms)[0m   [0mINSERT INTO schema_migrations (version) VALUES ('20090506181854')[0m
  [4;36;1mSQL (0.6ms)[0m   [0;1mSHOW TABLES[0m
  [4;35;1mSQL (0.2ms)[0m   [0mSELECT version FROM schema_migrations[0m
  [4;36;1mSQL (0.3ms)[0m   [0;1mSHOW TABLES[0m
  [4;35;1mSQL (2.4ms)[0m   [0mSHOW FIELDS FROM `event_replies`[0m
  [4;36;1mSQL (2.9ms)[0m   [0;1mdescribe `event_replies`[0m
  [4;35;1mSQL (1.2ms)[0m   [0mSHOW KEYS FROM `event_replies`[0m
  [4;36;1mSQL (3.3ms)[0m   [0;1mSHOW FIELDS FROM `events`[0m
  [4;35;1mSQL (3.8ms)[0m   [0mdescribe `events`[0m
  [4;36;1mSQL (1.0ms)[0m   [0;1mSHOW KEYS FROM `events`[0m
  [4;36;1mSQL (0.2ms)[0m   [0;1mSET SQL_AUTO_IS_NULL=0[0m
  [4;35;1mSQL (0.6ms)[0m   [0mSHOW TABLES[0m
  [4;36;1mSQL (92.7ms)[0m   [0;1mCREATE TABLE `schema_migrations` (`version` varchar(255) NOT NULL) ENGINE=InnoDB[0m
  [4;35;1mSQL (135.6ms)[0m   [0mCREATE UNIQUE INDEX `unique_schema_migrations` ON `schema_migrations` (`version`)[0m
  [4;36;1mSQL (0.4ms)[0m   [0;1mSHOW TABLES[0m
  [4;35;1mSQL (0.9ms)[0m   [0mSELECT version FROM schema_migrations[0m
Migrating to CreateEvents (20090506181547)
  [4;36;1mSQL (3.5ms)[0m   [0;1mCREATE TABLE `events` (`id` int(11) DEFAULT NULL auto_increment PRIMARY KEY, `name` varchar(255), `description` text, `date` datetime, `deadline` datetime, `max_guests` int(11) DEFAULT 0 NOT NULL, `ref_prefix` varchar(255) DEFAULT '' NOT NULL, `created_at` datetime, `updated_at` datetime) ENGINE=InnoDB[0m
  [4;35;1mSQL (0.8ms)[0m   [0mINSERT INTO schema_migrations (version) VALUES ('20090506181547')[0m
Migrating to CreateEventReplies (20090506181854)
  [4;36;1mSQL (73.8ms)[0m   [0;1mCREATE TABLE `event_replies` (`id` int(11) DEFAULT NULL auto_increment PRIMARY KEY, `event_id` int(11), `name` varchar(255), `email` varchar(255), `food` text, `comment` text, `created_at` datetime, `updated_at` datetime) ENGINE=InnoDB[0m
  [4;35;1mSQL (0.8ms)[0m   [0mINSERT INTO schema_migrations (version) VALUES ('20090506181854')[0m
  [4;36;1mSQL (0.6ms)[0m   [0;1mSHOW TABLES[0m
  [4;35;1mSQL (0.2ms)[0m   [0mSELECT version FROM schema_migrations[0m
  [4;36;1mSQL (0.4ms)[0m   [0;1mSHOW TABLES[0m
  [4;35;1mSQL (2.6ms)[0m   [0mSHOW FIELDS FROM `event_replies`[0m
  [4;36;1mSQL (3.4ms)[0m   [0;1mdescribe `event_replies`[0m
  [4;35;1mSQL (0.9ms)[0m   [0mSHOW KEYS FROM `event_replies`[0m
  [4;36;1mSQL (2.7ms)[0m   [0;1mSHOW FIELDS FROM `events`[0m
  [4;35;1mSQL (3.5ms)[0m   [0mdescribe `events`[0m
  [4;36;1mSQL (1.2ms)[0m   [0;1mSHOW KEYS FROM `events`[0m
  [4;36;1mSQL (0.1ms)[0m   [0;1mSET SQL_AUTO_IS_NULL=0[0m
  [4;35;1mSQL (0.4ms)[0m   [0mSHOW TABLES[0m
  [4;36;1mSQL (36.9ms)[0m   [0;1mCREATE TABLE `schema_migrations` (`version` varchar(255) NOT NULL) ENGINE=InnoDB[0m
  [4;35;1mSQL (75.3ms)[0m   [0mCREATE UNIQUE INDEX `unique_schema_migrations` ON `schema_migrations` (`version`)[0m
  [4;36;1mSQL (0.5ms)[0m   [0;1mSHOW TABLES[0m
  [4;35;1mSQL (0.5ms)[0m   [0mSELECT version FROM schema_migrations[0m
Migrating to CreateEvents (20090506181547)
  [4;36;1mSQL (3.7ms)[0m   [0;1mCREATE TABLE `events` (`id` int(11) DEFAULT NULL auto_increment PRIMARY KEY, `name` varchar(255), `description` text, `date` datetime, `deadline` datetime, `max_guests` int(11) DEFAULT 0 NOT NULL, `ref_prefix` varchar(255) DEFAULT '' NOT NULL, `created_at` datetime, `updated_at` datetime) ENGINE=InnoDB[0m
  [4;35;1mSQL (52.8ms)[0m   [0mINSERT INTO schema_migrations (version) VALUES ('20090506181547')[0m
Migrating to CreateEventReplies (20090506181854)
  [4;36;1mSQL (3.3ms)[0m   [0;1mCREATE TABLE `event_replies` (`id` int(11) DEFAULT NULL auto_increment PRIMARY KEY, `event_id` int(11), `name` varchar(255), `email` varchar(255), `food` text, `comments` text, `created_at` datetime, `updated_at` datetime) ENGINE=InnoDB[0m
  [4;35;1mSQL (2.4ms)[0m   [0mINSERT INTO schema_migrations (version) VALUES ('20090506181854')[0m
  [4;36;1mSQL (0.5ms)[0m   [0;1mSHOW TABLES[0m
  [4;35;1mSQL (0.6ms)[0m   [0mSELECT version FROM schema_migrations[0m
  [4;36;1mSQL (0.7ms)[0m   [0;1mSHOW TABLES[0m
  [4;35;1mSQL (3.1ms)[0m   [0mSHOW FIELDS FROM `event_replies`[0m
  [4;36;1mSQL (3.7ms)[0m   [0;1mdescribe `event_replies`[0m
  [4;35;1mSQL (1.8ms)[0m   [0mSHOW KEYS FROM `event_replies`[0m
  [4;36;1mSQL (2.2ms)[0m   [0;1mSHOW FIELDS FROM `events`[0m
  [4;35;1mSQL (3.8ms)[0m   [0mdescribe `events`[0m
  [4;36;1mSQL (1.6ms)[0m   [0;1mSHOW KEYS FROM `events`[0m
